Base/app/build/outputs/logs/manifest-merger-baidu91-debug-report.txt
-- Merging decision tree log ---
manifest
ADDED from AndroidManifest.xml:2:1
	package
		ADDED from AndroidManifest.xml:4:5
		INJECTED from AndroidManifest.xml:0:0
		INJECTED from AndroidManifest.xml:0:0
	android:versionName
		ADDED from AndroidManifest.xml:6:5
		INJECTED from AndroidManifest.xml:0:0
		INJECTED from AndroidManifest.xml:0:0
	xmlns:tools
		ADDED from AndroidManifest.xml:3:5
	android:versionCode
		ADDED from AndroidManifest.xml:5:5
		INJECTED from AndroidManifest.xml:0:0
		INJECTED from AndroidManifest.xml:0:0
	xmlns:android
		ADDED from AndroidManifest.xml:2:11
supports-screens
ADDED from AndroidManifest.xml:8:5
MERGED from Base:UnityPlayerActivity:unspecified:12:5
	android:largeScreens
		ADDED from AndroidManifest.xml:9:9
	android:smallScreens
		ADDED from AndroidManifest.xml:11:9
	android:normalScreens
		ADDED from AndroidManifest.xml:10:9
	android:xlargeScreens
		ADDED from Base:UnityPlayerActivity:unspecified:17:9
	android:anyDensity
		ADDED from AndroidManifest.xml:12:9
uses-sdk
ADDED from AndroidManifest.xml:14:5
MERGED from Base:BeiVandaLibNetWorkV7Bar:unspecified:7:5
MERGED from Base:ActionBar-PullToRefresh:unspecified:7:5
MERGED from Base:Android-PullToRefresh:unspecified:7:5
MERGED from Base:BeiVandaLib:unspecified:7:5
MERGED from Base:AndroidStaggeredGridLib:unspecified:7:5
MERGED from com.android.support:support-v4:22.2.0:20:5
MERGED from Base:BeiVandaLib:unspecified:7:5
MERGED from Base:ChoosePictures:unspecified:7:5
MERGED from com.android.support:support-v4:22.2.0:20:5
MERGED from Base:ListViewAnimationLib:unspecified:7:5
MERGED from Base:ShimmerLib:unspecified:7:5
MERGED from Base:Volley:unspecified:7:5
MERGED from com.android.support:appcompat-v7:22.2.0:20:5
MERGED from com.android.support:support-v4:22.2.0:20:5
MERGED from Base:library_indicator:unspecified:7:5
MERGED from com.android.support:support-v4:22.2.0:20:5
MERGED from Base:slidelistview_library:unspecified:7:5
MERGED from com.android.support:support-v4:22.2.0:20:5
MERGED from Base:UnityPlayerActivity:unspecified:8:5
	android:targetSdkVersion
		ADDED from AndroidManifest.xml:16:9
		INJECTED from AndroidManifest.xml:0:0
		INJECTED from AndroidManifest.xml:0:0
	android:minSdkVersion
		ADDED from AndroidManifest.xml:15:9
		INJECTED from AndroidManifest.xml:0:0
		INJECTED from AndroidManifest.xml:0:0
uses-permission#android.permission.WRITE_EXTERNAL_STORAGE
ADDED from AndroidManifest.xml:18:5
MERGED from Base:UnityPlayerActivity:unspecified:24:5
	android:name
		ADDED from AndroidManifest.xml:18:22
uses-permission#android.permission.INTERNET
ADDED from AndroidManifest.xml:19:5
MERGED from Base:UnityPlayerActivity:unspecified:21:5
	android:name
		ADDED from AndroidManifest.xml:19:22
uses-permission#android.permission.MOUNT_UNMOUNT_FILESYSTEMS
ADDED from AndroidManifest.xml:20:5
	android:name
		ADDED from AndroidManifest.xml:20:22
uses-permission#android.permission.CHANGE_CONFIGURATION
ADDED from AndroidManifest.xml:21:5
	android:name
		ADDED from AndroidManifest.xml:21:22
uses-permission#android.permission.ACCESS_NETWORK_STATE
ADDED from AndroidManifest.xml:22:5
MERGED from Base:UnityPlayerActivity:unspecified:23:5
	android:name
		ADDED from AndroidManifest.xml:22:22
uses-permission#android.permission.READ_EXTERNAL_STORAGE
ADDED from AndroidManifest.xml:23:5
MERGED from Base:ChoosePictures:unspecified:11:5
	android:name
		ADDED from AndroidManifest.xml:23:22
uses-permission#android.permission.ACCESS_WIFI_STATE
ADDED from AndroidManifest.xml:24:5
	android:name
		ADDED from AndroidManifest.xml:24:22
uses-permission#android.permission.READ_PHONE_STATE
ADDED from AndroidManifest.xml:25:5
MERGED from Base:UnityPlayerActivity:unspecified:22:5
	android:name
		ADDED from AndroidManifest.xml:25:22
application
ADDED from AndroidManifest.xml:27:5
MERGED from Base:BeiVandaLibNetWorkV7Bar:unspecified:11:5
MERGED from Base:ActionBar-PullToRefresh:unspecified:11:5
MERGED from Base:Android-PullToRefresh:unspecified:11:5
MERGED from Base:BeiVandaLib:unspecified:11:5
MERGED from Base:AndroidStaggeredGridLib:unspecified:11:5
MERGED from com.android.support:support-v4:22.2.0:22:5
MERGED from Base:BeiVandaLib:unspecified:11:5
MERGED from Base:ChoosePictures:unspecified:13:5
MERGED from com.android.support:support-v4:22.2.0:22:5
MERGED from Base:ListViewAnimationLib:unspecified:11:5
MERGED from Base:ShimmerLib:unspecified:11:5
MERGED from Base:Volley:unspecified:11:5
MERGED from Base:PhotoViewLib:unspecified:7:5
MERGED from com.android.support:appcompat-v7:22.2.0:22:5
MERGED from com.android.support:support-v4:22.2.0:22:5
MERGED from com.android.support:support-v4:22.2.0:22:5
MERGED from com.android.support:support-v4:22.2.0:22:5
MERGED from Base:UnityPlayerActivity:unspecified:39:5
	android:label
		ADDED from AndroidManifest.xml:32:9
	android:hardwareAccelerated
		ADDED from AndroidManifest.xml:30:9
	android:allowBackup
		ADDED from AndroidManifest.xml:29:9
	android:icon
		ADDED from AndroidManifest.xml:31:9
		REJECTED from Base:BeiVandaLibNetWorkV7Bar:unspecified:13:9
		REJECTED from Base:ShimmerLib:unspecified:13:9
		REJECTED from Base:UnityPlayerActivity:unspecified:41:9
	android:largeHeap
		ADDED from AndroidManifest.xml:33:9
	android:banner
		ADDED from Base:UnityPlayerActivity:unspecified:40:9
	android:theme
		ADDED from AndroidManifest.xml:34:9
		REJECTED from Base:BeiVandaLibNetWorkV7Bar:unspecified:15:9
		REJECTED from Base:UnityPlayerActivity:unspecified:44:9
	tools:replace
		ADDED from AndroidManifest.xml:35:9
	android:isGame
		ADDED from Base:UnityPlayerActivity:unspecified:42:9
	android:name
		ADDED from AndroidManifest.xml:28:9
activity#com.qihuanyun.activity.SplashActivity
ADDED from AndroidManifest.xml:36:9
	android:screenOrientation
		ADDED from AndroidManifest.xml:38:13
	android:windowSoftInputMode
		ADDED from AndroidManifest.xml:39:13
	android:name
		ADDED from AndroidManifest.xml:37:13
intent-filter#android.intent.action.MAIN+android.intent.category.LAUNCHER
ADDED from AndroidManifest.xml:40:13
action#android.intent.action.MAIN
ADDED from AndroidManifest.xml:41:17
	android:name
		ADDED from AndroidManifest.xml:41:25
category#android.intent.category.LAUNCHER
ADDED from AndroidManifest.xml:42:17
	android:name
		ADDED from AndroidManifest.xml:42:27
intent-filter#android.intent.action.VIEW+android.intent.category.DEFAULT
ADDED from AndroidManifest.xml:44:13
action#android.intent.action.VIEW
ADDED from AndroidManifest.xml:45:17
	android:name
		ADDED from AndroidManifest.xml:45:25
category#android.intent.category.DEFAULT
ADDED from AndroidManifest.xml:46:17
	android:name
		ADDED from AndroidManifest.xml:46:27
data
ADDED from AndroidManifest.xml:47:17
	android:mimeType
		ADDED from AndroidManifest.xml:47:23
activity#com.qihuanyun.activity.MainActivity
ADDED from AndroidManifest.xml:50:9
	android:screenOrientation
		ADDED from AndroidManifest.xml:53:13
	android:launchMode
		ADDED from AndroidManifest.xml:54:13
	android:windowSoftInputMode
		ADDED from AndroidManifest.xml:55:13
	android:theme
		ADDED from AndroidManifest.xml:51:13
	android:name
		ADDED from AndroidManifest.xml:52:13
activity#com.qihuanyun.activity.GuideActivity
ADDED from AndroidManifest.xml:57:9
	android:screenOrientation
		ADDED from AndroidManifest.xml:59:13
	android:windowSoftInputMode
		ADDED from AndroidManifest.xml:60:13
	android:name
		ADDED from AndroidManifest.xml:58:13
activity#com.qihuanyun.activity.LoginActivity
ADDED from AndroidManifest.xml:62:9
	android:screenOrientation
		ADDED from AndroidManifest.xml:65:13
	android:label
		ADDED from AndroidManifest.xml:64:13
	android:launchMode
		ADDED from AndroidManifest.xml:66:13
	android:windowSoftInputMode
		ADDED from AndroidManifest.xml:67:13
	android:name
		ADDED from AndroidManifest.xml:63:13
activity#com.qihuanyun.activity.RegisterActivity
ADDED from AndroidManifest.xml:71:9
	android:screenOrientation
		ADDED from AndroidManifest.xml:73:13
	android:windowSoftInputMode
		ADDED from AndroidManifest.xml:74:13
	android:name
		ADDED from AndroidManifest.xml:72:13
activity#com.qihuanyun.activity.ProtocolActivity
ADDED from AndroidManifest.xml:76:9
	android:screenOrientation
		ADDED from AndroidManifest.xml:78:13
	android:windowSoftInputMode
		ADDED from AndroidManifest.xml:79:13
	android:name
		ADDED from AndroidManifest.xml:77:13
activity#com.qihuanyun.activity.CompleteRegisterActivity
ADDED from AndroidManifest.xml:81:9
	android:screenOrientation
		ADDED from AndroidManifest.xml:83:13
	android:windowSoftInputMode
		ADDED from AndroidManifest.xml:84:13
	android:name
		ADDED from AndroidManifest.xml:82:13
activity#com.qihuanyun.activity.ForgetPasswordActivity
ADDED from AndroidManifest.xml:86:9
	android:screenOrientation
		ADDED from AndroidManifest.xml:88:13
	android:windowSoftInputMode
		ADDED from AndroidManifest.xml:89:13
	android:name
		ADDED from AndroidManifest.xml:87:13
activity#com.qihuanyun.activity.GameDetailActivity
ADDED from AndroidManifest.xml:91:9
	android:screenOrientation
		ADDED from AndroidManifest.xml:93:13
	android:windowSoftInputMode
		ADDED from AndroidManifest.xml:94:13
	android:name
		ADDED from AndroidManifest.xml:92:13
activity#com.qihuanyun.activity.ThemeDetailActivity
ADDED from AndroidManifest.xml:96:9
	android:screenOrientation
		ADDED from AndroidManifest.xml:98:13
	android:windowSoftInputMode
		ADDED from AndroidManifest.xml:99:13
	android:name
		ADDED from AndroidManifest.xml:97:13
activity#com.qihuanyun.activity.VideoDetailActivity
ADDED from AndroidManifest.xml:101:9
	android:screenOrientation
		ADDED from AndroidManifest.xml:103:13
	android:windowSoftInputMode
		ADDED from AndroidManifest.xml:104:13
	android:name
		ADDED from AndroidManifest.xml:102:13
activity#com.qihuanyun.activity.ModifyPasswordActivity
ADDED from AndroidManifest.xml:106:9
	android:screenOrientation
		ADDED from AndroidManifest.xml:108:13
	android:windowSoftInputMode
		ADDED from AndroidManifest.xml:109:13
	android:name
		ADDED from AndroidManifest.xml:107:13
activity#com.qihuanyun.activity.DownloadActivity
ADDED from AndroidManifest.xml:111:9
	android:screenOrientation
		ADDED from AndroidManifest.xml:113:13
	android:windowSoftInputMode
		ADDED from AndroidManifest.xml:114:13
	android:name
		ADDED from AndroidManifest.xml:112:13
activity#com.qihuanyun.activity.SettingActivity
ADDED from AndroidManifest.xml:116:9
	android:screenOrientation
		ADDED from AndroidManifest.xml:118:13
	android:windowSoftInputMode
		ADDED from AndroidManifest.xml:119:13
	android:name
		ADDED from AndroidManifest.xml:117:13
activity#com.qihuanyun.activity.HtmlActivity
ADDED from AndroidManifest.xml:121:9
	android:screenOrientation
		ADDED from AndroidManifest.xml:123:13
	android:windowSoftInputMode
		ADDED from AndroidManifest.xml:124:13
	android:name
		ADDED from AndroidManifest.xml:122:13
service#com.qihuanyun.service.DownloadService
ADDED from AndroidManifest.xml:126:9
	android:name
		ADDED from AndroidManifest.xml:126:18
receiver#com.qihuanyun.receiver.AppStatusReceiver
ADDED from AndroidManifest.xml:127:9
	android:name
		ADDED from AndroidManifest.xml:127:19
intent-filter#android.intent.action.PACKAGE_ADDED+android.intent.category.DEFAULT
ADDED from AndroidManifest.xml:128:13
action#android.intent.action.PACKAGE_ADDED
ADDED from AndroidManifest.xml:130:17
	android:name
		ADDED from AndroidManifest.xml:130:25
intent-filter#android.intent.action.PACKAGE_REMOVED+android.intent.category.DEFAULT
ADDED from AndroidManifest.xml:134:13
action#android.intent.action.PACKAGE_REMOVED
ADDED from AndroidManifest.xml:136:17
	android:name
		ADDED from AndroidManifest.xml:136:25
receiver#com.qihuanyun.receiver.NetworkReceiver
ADDED from AndroidManifest.xml:140:9
	android:name
		ADDED from AndroidManifest.xml:140:19
intent-filter#android.net.conn.CONNECTIVITY_CHANGE
ADDED from AndroidManifest.xml:141:13
action#android.net.conn.CONNECTIVITY_CHANGE
ADDED from AndroidManifest.xml:142:17
	android:name
		ADDED from AndroidManifest.xml:142:25
activity#com.qihuanyun.activity.LoaclVideoActivity
ADDED from AndroidManifest.xml:150:9
	android:screenOrientation
		ADDED from AndroidManifest.xml:151:13
	android:windowSoftInputMode
		ADDED from AndroidManifest.xml:152:13
	android:name
		ADDED from AndroidManifest.xml:150:19
activity#com.qihuanyun.activity.MyCollectionActivity
ADDED from AndroidManifest.xml:153:9
	android:screenOrientation
		ADDED from AndroidManifest.xml:154:13
	android:windowSoftInputMode
		ADDED from AndroidManifest.xml:155:13
	android:name
		ADDED from AndroidManifest.xml:153:19
activity#com.qihuanyun.activity.SearchActivity
ADDED from AndroidManifest.xml:156:9
	android:screenOrientation
		ADDED from AndroidManifest.xml:157:13
	android:windowSoftInputMode
		ADDED from AndroidManifest.xml:158:13
	android:name
		ADDED from AndroidManifest.xml:156:19
activity#com.qihuanyun.mobilevr.video.UnityPlayerActivity
ADDED from AndroidManifest.xml:159:9
	android:screenOrientation
		ADDED from AndroidManifest.xml:164:13
	android:label
		ADDED from AndroidManifest.xml:162:13
	android:launchMode
		ADDED from AndroidManifest.xml:163:13
	android:configChanges
		ADDED from AndroidManifest.xml:161:13
	android:name
		ADDED from AndroidManifest.xml:160:13
meta-data#unityplayer.UnityActivity
ADDED from AndroidManifest.xml:165:13
	android:value
		ADDED from AndroidManifest.xml:167:17
	android:name
		ADDED from AndroidManifest.xml:166:17
activity#com.qihuanyun.activity.SubUnityPlayerActivity
ADDED from AndroidManifest.xml:169:9
	android:screenOrientation
		ADDED from AndroidManifest.xml:174:13
	android:label
		ADDED from AndroidManifest.xml:172:13
	android:launchMode
		ADDED from AndroidManifest.xml:173:13
	android:configChanges
		ADDED from AndroidManifest.xml:171:13
	android:name
		ADDED from AndroidManifest.xml:170:13
meta-data#UMENG_APPKEY
ADDED from AndroidManifest.xml:182:9
	android:value
		ADDED from AndroidManifest.xml:182:20
	android:name
		ADDED from AndroidManifest.xml:182:61
meta-data#UMENG_CHANNEL
ADDED from AndroidManifest.xml:183:9
	android:value
		ADDED from AndroidManifest.xml:183:49
		INJECTED from AndroidManifest.xml:0:0
	android:name
		ADDED from AndroidManifest.xml:183:20
uses-feature#0x00020000
ADDED from AndroidManifest.xml:186:5
MERGED from Base:UnityPlayerActivity:unspecified:19:5
	android:glEsVersion
		ADDED from AndroidManifest.xml:186:19
activity#com.zhy.imageloader.ChoosePicturesActivity
ADDED from Base:BeiVandaLibNetWorkV7Bar:unspecified:16:9
	android:name
		ADDED from Base:BeiVandaLibNetWorkV7Bar:unspecified:16:19
uses-feature#android.hardware.sensor.accelerometer
ADDED from Base:UnityPlayerActivity:unspecified:26:5
	android:required
		ADDED from Base:UnityPlayerActivity:unspecified:28:9
	android:name
		ADDED from Base:UnityPlayerActivity:unspecified:27:9
uses-feature#android.hardware.touchscreen
ADDED from Base:UnityPlayerActivity:unspecified:29:5
	android:required
		ADDED from Base:UnityPlayerActivity:unspecified:31:9
	android:name
		ADDED from Base:UnityPlayerActivity:unspecified:30:9
uses-feature#android.hardware.touchscreen.multitouch
ADDED from Base:UnityPlayerActivity:unspecified:32:5
	android:required
		ADDED from Base:UnityPlayerActivity:unspecified:34:9
	android:name
		ADDED from Base:UnityPlayerActivity:unspecified:33:9
uses-feature#android.hardware.touchscreen.multitouch.distinct
ADDED from Base:UnityPlayerActivity:unspecified:35:5
	android:required
		ADDED from Base:UnityPlayerActivity:unspecified:37:9
	android:name
		ADDED from Base:UnityPlayerActivity:unspecified:36:9